Sachathya v0.8.1 (2024-01-31)
[2024-02-11 12:33:48,000] __init__() - <module>() [MAIN] Starting Sachathya...
[2024-02-11 12:33:48,000] __init__() - <module>() [MAIN] Internal modules loaded!
[2024-02-11 12:33:48,000] schDoStart() - __init__() [MAIN] Starting initial setup...
[2024-02-11 12:33:48,000] schDoStart() - __init__() [MAIN] Ciper check...
[2024-02-11 12:33:48,000] schDoStart() - __init__() [MAIN] Ciper ready!
[2024-02-11 12:33:48,000] schDoStart() - __init__() [MAIN] Stream redirect check...
[2024-02-11 12:33:48,000] schDoStart() - __init__() [MAIN] Settings file check...
[2024-02-11 12:33:48,000] schDoStart() - __init__() [MAIN] Settings read!
[2024-02-11 12:33:48,000] schDoStart() - __init__() [MAIN] Search paths check...
[2024-02-11 12:33:48,000] schDoAddSearchPaths() - schDoStart() [MAIN] Adding scriptfolder "SachathyaScripts" to search path
[2024-02-11 12:33:48,000] schDoStart() - __init__() [MAIN] Startup completed!


[2024-02-11 12:33:48,538] sachathya - __enter__() [WARNING] SachathyaInstance startup actions initiated...
SachathyaInstance created!
[2024-02-11 12:33:48,538] sachathya - __exit__() [WARNING] SachathyaInstance exit actions initiated...
[2024-02-11 12:33:48,000] schDoInstanceLastAction() - __exit__() [MAIN] Sachathya cleanup starting...
[2024-02-11 12:33:48,000] schDoInstanceLastAction() - __exit__() [MAIN] Sachathya cleanup completed!
[2024-02-11 12:33:48,546] sachathya - __exit__() [WARNING] Thank you for using sachathya!
NoneType: None

Sachathya v0.8.1 (2024-01-31)
[2024-02-11 12:33:51,000] __init__() - <module>() [MAIN] Starting Sachathya...
[2024-02-11 12:33:51,000] __init__() - <module>() [MAIN] Internal modules loaded!
[2024-02-11 12:33:51,000] schDoStart() - __init__() [MAIN] Starting initial setup...
[2024-02-11 12:33:51,000] schDoStart() - __init__() [MAIN] Ciper check...
[2024-02-11 12:33:51,000] schDoStart() - __init__() [MAIN] Ciper ready!
[2024-02-11 12:33:51,000] schDoStart() - __init__() [MAIN] Stream redirect check...
[2024-02-11 12:33:51,000] schDoStart() - __init__() [MAIN] Settings file check...
[2024-02-11 12:33:51,000] schDoStart() - __init__() [MAIN] Settings read!
[2024-02-11 12:33:51,000] schDoStart() - __init__() [MAIN] Search paths check...
[2024-02-11 12:33:51,000] schDoAddSearchPaths() - schDoStart() [MAIN] Adding scriptfolder "SachathyaScripts" to search path
[2024-02-11 12:33:51,000] schDoStart() - __init__() [MAIN] Startup completed!


[2024-02-11 12:33:51,970] sachathya - __enter__() [WARNING] SachathyaInstance startup actions initiated...
SachathyaInstance created!
[2024-02-11 12:33:51,970] sachathya - __exit__() [WARNING] SachathyaInstance exit actions initiated...
[2024-02-11 12:33:51,000] schDoInstanceLastAction() - __exit__() [MAIN] Sachathya cleanup starting...
[2024-02-11 12:33:51,000] schDoInstanceLastAction() - __exit__() [MAIN] Sachathya cleanup completed!
[2024-02-11 12:33:51,978] sachathya - __exit__() [WARNING] Thank you for using sachathya!
NoneType: None

Sachathya v0.8.1 (2024-01-31)
[2024-02-11 12:33:53,000] __init__() - <module>() [MAIN] Starting Sachathya...
[2024-02-11 12:33:53,000] __init__() - <module>() [MAIN] Internal modules loaded!
[2024-02-11 12:33:53,000] schDoStart() - __init__() [MAIN] Starting initial setup...
[2024-02-11 12:33:53,000] schDoStart() - __init__() [MAIN] Ciper check...
[2024-02-11 12:33:53,000] schDoStart() - __init__() [MAIN] Ciper ready!
[2024-02-11 12:33:54,000] schDoStart() - __init__() [MAIN] Stream redirect check...
[2024-02-11 12:33:54,000] schDoStart() - __init__() [MAIN] Settings file check...
[2024-02-11 12:33:54,000] schDoStart() - __init__() [MAIN] Settings read!
[2024-02-11 12:33:54,000] schDoStart() - __init__() [MAIN] Search paths check...
[2024-02-11 12:33:54,000] schDoAddSearchPaths() - schDoStart() [MAIN] Adding scriptfolder "SachathyaScripts" to search path
[2024-02-11 12:33:54,000] schDoStart() - __init__() [MAIN] Startup completed!


[2024-02-11 12:33:54,023] sachathya - __enter__() [WARNING] SachathyaInstance startup actions initiated...
SachathyaInstance created!
[2024-02-11 12:33:54,023] sachathya - __exit__() [WARNING] SachathyaInstance exit actions initiated...
[2024-02-11 12:33:54,000] schDoInstanceLastAction() - __exit__() [MAIN] Sachathya cleanup starting...
[2024-02-11 12:33:54,000] schDoInstanceLastAction() - __exit__() [MAIN] Sachathya cleanup completed!
[2024-02-11 12:33:54,033] sachathya - __exit__() [WARNING] Thank you for using sachathya!
NoneType: None

Sachathya v0.8.1 (2024-01-31)
[2024-02-11 12:33:55,000] __init__() - <module>() [MAIN] Starting Sachathya...
[2024-02-11 12:33:55,000] __init__() - <module>() [MAIN] Internal modules loaded!
[2024-02-11 12:33:55,000] schDoStart() - __init__() [MAIN] Starting initial setup...
[2024-02-11 12:33:55,000] schDoStart() - __init__() [MAIN] Ciper check...
[2024-02-11 12:33:55,000] schDoStart() - __init__() [MAIN] Ciper ready!
[2024-02-11 12:33:55,000] schDoStart() - __init__() [MAIN] Stream redirect check...
[2024-02-11 12:33:55,000] schDoStart() - __init__() [MAIN] Settings file check...
[2024-02-11 12:33:55,000] schDoStart() - __init__() [MAIN] Settings read!
[2024-02-11 12:33:55,000] schDoStart() - __init__() [MAIN] Search paths check...
[2024-02-11 12:33:55,000] schDoAddSearchPaths() - schDoStart() [MAIN] Adding scriptfolder "SachathyaScripts" to search path
[2024-02-11 12:33:55,000] schDoStart() - __init__() [MAIN] Startup completed!


[2024-02-11 12:33:55,765] sachathya - __enter__() [WARNING] SachathyaInstance startup actions initiated...
SachathyaInstance created!
[2024-02-11 12:33:55,765] sachathya - __exit__() [WARNING] SachathyaInstance exit actions initiated...
[2024-02-11 12:33:55,000] schDoInstanceLastAction() - __exit__() [MAIN] Sachathya cleanup starting...
[2024-02-11 12:33:55,000] schDoInstanceLastAction() - __exit__() [MAIN] Sachathya cleanup completed!
[2024-02-11 12:33:55,773] sachathya - __exit__() [WARNING] Thank you for using sachathya!
NoneType: None

